
- Thread started for https://summer.hackclub.com/
- Thread started for /favicon.png
- Thread started for /favicon.png
- Thread started for /assets/tailwind-06898ba5.css
- Thread started for /assets/application-a9712d1f.css
- Thread started for /assets/pixelart-1214970a.css
- Thread started for /assets/som-88d09b5c.css
- Thread started for /assets/tooltips-73b7305c.css
- Thread started for /assets/tutorial-a199c246.css
- Thread started for /assets/application-899f02b7.js
- Thread started for /assets/turbo.min-3a2e143f.js
- Thread started for /assets/stimulus.min-4b1e420e.js
- Thread started for /assets/stimulus-loading-1fc53fe7.js
- Thread started for /assets/chartkick-fbe22225.js
- Thread started for /assets/Chart.bundle-5b48f502.js
- Thread started for /assets/@tiptap--core-996bfb2b.js
- Thread started for /assets/@tiptap--pm--commands-462be415.js
- Thread started for /assets/@tiptap--pm--keymap-f6a71758.js
- Thread started for /assets/@tiptap--pm--model-a1cf9f54.js
- Thread started for /assets/@tiptap--pm--schema-list-4bfb61de.js
- Thread started for /assets/@tiptap--pm--state-7d94bd18.js
- Thread started for /assets/@tiptap--pm--transform-8b2c7941.js
- Thread started for /assets/@tiptap--pm--view-3530ab00.js
- Thread started for /assets/orderedmap-39aa3d1c.js
- Thread started for /assets/prosemirror-commands-02791907.js
- Thread started for /assets/prosemirror-keymap-c350f1ad.js
- Thread started for /assets/prosemirror-model-34f0ad73.js
- Thread started for /assets/prosemirror-schema-list-86b5993c.js
- Thread started for /assets/prosemirror-state-4858f01b.js
- Thread started for /assets/prosemirror-transform-56da85ee.js
- Thread started for /assets/prosemirror-view-46a86943.js
- Thread started for /assets/w3c-keyname-2e59b6bc.js
- Thread started for /assets/@tiptap--starter-kit-e6726f68.js
- Thread started for /assets/@tiptap--extension-blockquote-00cc15d0.js
- Thread started for /assets/@tiptap--extension-bold-6374b698.js
- Thread started for /assets/@tiptap--extension-bullet-list-121e15bf.js
- Thread started for /assets/@tiptap--extension-code-3dd37ee6.js
- Thread started for /assets/@tiptap--extension-code-block-df8e0120.js
- Thread started for /assets/@tiptap--extension-document-d328217d.js
- Thread started for /assets/@tiptap--extension-dropcursor-08be7d47.js
- Thread started for /assets/@tiptap--extension-gapcursor-32cefb87.js
- Thread started for /assets/@tiptap--extension-hard-break-e5796ef7.js
- Thread started for /assets/@tiptap--extension-heading-70488e0b.js
- Thread started for /assets/@tiptap--extension-history-ed433844.js
- Thread started for /assets/@tiptap--extension-horizontal-rule-4813b258.js
- Thread started for /assets/@tiptap--extension-italic-91187594.js
- Thread started for /assets/@tiptap--extension-list-item-62142a6b.js
- Thread started for /assets/@tiptap--extension-ordered-list-3798ec48.js
- Thread started for /assets/@tiptap--extension-paragraph-91319359.js
- Thread started for /assets/@tiptap--extension-strike-12730cb5.js
- Thread started for /assets/@tiptap--extension-text-613ff1ed.js
- Thread started for /assets/@tiptap--pm--dropcursor-dc29de98.js
- Thread started for /assets/@tiptap--pm--gapcursor-0b821986.js
- Thread started for /assets/@tiptap--pm--history-fd5ebefa.js
- Thread started for /assets/prosemirror-dropcursor-a51838c8.js
- Thread started for /assets/prosemirror-gapcursor-30be2fc9.js
- Thread started for /assets/prosemirror-history-1d4268d0.js
- Thread started for /assets/rope-sequence-cd183477.js
- Thread started for /assets/@tiptap--extension-typography-df49c94d.js
- Thread started for /assets/actioncable.esm-e0ec9819.js
- Thread started for /assets/howler-31f74f33.js
- Thread started for /assets/alpinejs-8c7f698e.js
- Thread started for /assets/controllers/application-3affb389.js
- Thread started for /assets/controllers/attachment_controller-1194a021.js
- Thread started for /assets/controllers/card_controller-ff612200.js
- Thread started for /assets/controllers/carousel_controller-cb8901e4.js
- Thread started for /assets/controllers/category_selector_controller-44f11330.js
- Thread started for /assets/controllers/comment_modal_controller-3d23a8eb.js
- Thread started for /assets/controllers/delete_confirmation_controller-78656a3f.js
- Thread started for /assets/controllers/devlog_card_controller-dfc3b2d8.js
- Thread started for /assets/controllers/dropdown_controller-4f9f7f6d.js
- Thread started for /assets/controllers/edit_modal_controller-be3308d1.js
- Thread started for /assets/controllers/flash_controller-f4a174a2.js
- Thread started for /assets/controllers/follower_modal_controller-c3f5a34b.js
- Thread started for /assets/controllers/form_controller-53d7dbb5.js
- Thread started for /assets/controllers/hackatime_dashboard_controller-ff6f3c05.js
- Thread started for /assets/controllers/hackatime_modal_controller-8b61fd6c.js
- Thread started for /assets/controllers/hackatime_status_controller-9206a4b9.js
- Thread started for /assets/controllers/image_viewer_controller-af6581b1.js
- Thread started for /assets/controllers/index-ee64e1f1.js
- Thread started for /assets/controllers/map_controller-dd8b7c83.js
- Thread started for /assets/controllers/modal_controller-776438e2.js
- Thread started for /assets/controllers/music_controller-4633938a.js
- Thread started for /assets/controllers/project_form_controller-9f4d36c5.js
- Thread started for /assets/controllers/repo_autofill_controller-ee6a5956.js
- Thread started for /assets/controllers/ship_controller-49ba442f.js
- Thread started for /assets/controllers/sidebar_controller-667cbb1e.js
- Thread started for /assets/controllers/signup_wizard_controller-6af09bf4.js
- Thread started for /assets/controllers/smooth_scroll_controller-4be959b7.js
- Thread started for /assets/controllers/social_proof_controller-8ce9bdf4.js
- Thread started for /assets/controllers/stonks_controller-d7f4f76d.js
- Thread started for /assets/controllers/tabs_controller-308e5214.js
- Thread started for /assets/controllers/time_source_controller-0978d17c.js
- Thread started for /assets/controllers/timer_controller-1093b5ed.js
- Thread started for /assets/controllers/timer_indicator_controller-8a8f0fd4.js
- Thread started for /assets/controllers/tiptap_comment_controller-31f9510e.js
- Thread started for /assets/controllers/turbo_actions_controller-89aa5706.js
- Thread started for /assets/controllers/tutorial_controller-bffc95c5.js
- Thread started for /assets/controllers/video_controller-b9548860.js
- Thread started for /assets/controllers/video_modal_controller-5998498b.js
- Thread started for /assets/controllers/view_tracker_controller-7a353ecc.js
- Thread started for /assets/controllers/voting_steps_controller-214e1222.js
- Thread started for /assets/channels/consumer-bf39ed12.js
- Thread started for /assets/channels/index-2280d0c5.js
- Thread started for /assets/channels/shenanigans_channel-70457c9d.js
- Thread started for /assets/application-899f02b7.js
- Thread started for /assets/turbo.min-3a2e143f.js
- Thread started for /assets/stimulus.min-4b1e420e.js
- Thread started for /assets/stimulus-loading-1fc53fe7.js
- Thread started for /assets/chartkick-fbe22225.js
- Thread started for /assets/Chart.bundle-5b48f502.js
- Thread started for /assets/@tiptap--core-996bfb2b.js
- Thread started for /assets/@tiptap--pm--commands-462be415.js
- Thread started for /assets/@tiptap--pm--keymap-f6a71758.js
- Thread started for /assets/@tiptap--pm--model-a1cf9f54.js
- Thread started for /assets/@tiptap--pm--schema-list-4bfb61de.js
- Thread started for /assets/@tiptap--pm--state-7d94bd18.js
- Thread started for /assets/@tiptap--pm--transform-8b2c7941.js
- Thread started for /assets/@tiptap--pm--view-3530ab00.js
- Thread started for /assets/orderedmap-39aa3d1c.js
- Thread started for /assets/prosemirror-commands-02791907.js
- Thread started for /assets/prosemirror-keymap-c350f1ad.js
- Thread started for /assets/prosemirror-model-34f0ad73.js
- Thread started for /assets/prosemirror-schema-list-86b5993c.js
- Thread started for /assets/prosemirror-state-4858f01b.js
- Thread started for /assets/prosemirror-transform-56da85ee.js
- Thread started for /assets/prosemirror-view-46a86943.js
- Thread started for /assets/w3c-keyname-2e59b6bc.js
- Thread started for /assets/@tiptap--starter-kit-e6726f68.js
- Thread started for /assets/@tiptap--extension-blockquote-00cc15d0.js
- Thread started for /assets/@tiptap--extension-bold-6374b698.js
- Thread started for /assets/@tiptap--extension-bullet-list-121e15bf.js
- Thread started for /assets/@tiptap--extension-code-3dd37ee6.js
- Thread started for /assets/@tiptap--extension-code-block-df8e0120.js
- Thread started for /assets/@tiptap--extension-document-d328217d.js
- Thread started for /assets/@tiptap--extension-dropcursor-08be7d47.js
- Thread started for /assets/@tiptap--extension-gapcursor-32cefb87.js
- Thread started for /assets/@tiptap--extension-hard-break-e5796ef7.js
- Thread started for /assets/@tiptap--extension-heading-70488e0b.js
- Thread started for /assets/@tiptap--extension-history-ed433844.js
- Thread started for /assets/@tiptap--extension-horizontal-rule-4813b258.js
- Thread started for /assets/@tiptap--extension-italic-91187594.js
- Thread started for /assets/@tiptap--extension-list-item-62142a6b.js
- Thread started for /assets/@tiptap--extension-ordered-list-3798ec48.js
- Thread started for /assets/@tiptap--extension-paragraph-91319359.js
- Thread started for /assets/@tiptap--extension-strike-12730cb5.js
- Thread started for /assets/@tiptap--extension-text-613ff1ed.js
- Thread started for /assets/@tiptap--pm--dropcursor-dc29de98.js
- Thread started for /assets/@tiptap--pm--gapcursor-0b821986.js
- Thread started for /assets/@tiptap--pm--history-fd5ebefa.js
- Thread started for /assets/prosemirror-dropcursor-a51838c8.js
- Thread started for /assets/prosemirror-gapcursor-30be2fc9.js
- Thread started for /assets/prosemirror-history-1d4268d0.js
- Thread started for /assets/rope-sequence-cd183477.js
- Thread started for /assets/@tiptap--extension-typography-df49c94d.js
- Thread started for /assets/actioncable.esm-e0ec9819.js
- Thread started for /assets/howler-31f74f33.js
- Thread started for /assets/alpinejs-8c7f698e.js
- Thread started for /assets/controllers/application-3affb389.js
- Thread started for /assets/controllers/attachment_controller-1194a021.js
- Thread started for /assets/controllers/card_controller-ff612200.js
- Thread started for /assets/controllers/carousel_controller-cb8901e4.js
- Thread started for /assets/controllers/category_selector_controller-44f11330.js
- Thread started for /assets/controllers/comment_modal_controller-3d23a8eb.js
- Thread started for /assets/controllers/delete_confirmation_controller-78656a3f.js
- Thread started for /assets/controllers/devlog_card_controller-dfc3b2d8.js
- Thread started for /assets/controllers/dropdown_controller-4f9f7f6d.js
- Thread started for /assets/controllers/edit_modal_controller-be3308d1.js
- Thread started for /assets/controllers/flash_controller-f4a174a2.js
- Thread started for /assets/controllers/follower_modal_controller-c3f5a34b.js
- Thread started for /assets/controllers/form_controller-53d7dbb5.js
- Thread started for /assets/controllers/hackatime_dashboard_controller-ff6f3c05.js
- Thread started for /assets/controllers/hackatime_modal_controller-8b61fd6c.js
- Thread started for /assets/controllers/hackatime_status_controller-9206a4b9.js
- Thread started for /assets/controllers/image_viewer_controller-af6581b1.js
- Thread started for /assets/controllers/index-ee64e1f1.js
- Thread started for /assets/controllers/map_controller-dd8b7c83.js
- Thread started for /assets/controllers/modal_controller-776438e2.js
- Thread started for /assets/controllers/music_controller-4633938a.js
- Thread started for /assets/controllers/project_form_controller-9f4d36c5.js
- Thread started for /assets/controllers/repo_autofill_controller-ee6a5956.js
- Thread started for /assets/controllers/ship_controller-49ba442f.js
- Thread started for /assets/controllers/sidebar_controller-667cbb1e.js
- Thread started for /assets/controllers/signup_wizard_controller-6af09bf4.js
- Thread started for /assets/controllers/smooth_scroll_controller-4be959b7.js
- Thread started for /assets/controllers/social_proof_controller-8ce9bdf4.js
- Thread started for /assets/controllers/stonks_controller-d7f4f76d.js
- Thread started for /assets/controllers/tabs_controller-308e5214.js
- Thread started for /assets/controllers/time_source_controller-0978d17c.js
- Thread started for /assets/controllers/timer_controller-1093b5ed.js
- Thread started for /assets/controllers/timer_indicator_controller-8a8f0fd4.js
- Thread started for /assets/controllers/tiptap_comment_controller-31f9510e.js
- Thread started for /assets/controllers/turbo_actions_controller-89aa5706.js
- Thread started for /assets/controllers/tutorial_controller-bffc95c5.js
- Thread started for /assets/bg-cf05d959.svg
- Thread started for /assets/controllers/video_controller-b9548860.js
- Thread started for /assets/input-bg-b766bbb9.svg
- Thread started for /assets/controllers/video_modal_controller-5998498b.js
- Thread started for /assets/controllers/view_tracker_controller-7a353ecc.js
- Thread started for /campfire/hackatime_status
- Thread started for /assets/controllers/voting_steps_controller-214e1222.js
- Thread started for /campfire/hackatime_status
- Thread started for \n
- Thread started for /attachments/upload
- Thread started for /inlineshell.avif
- Thread started for /inlineshell.webp
- Thread started for /assets/channels/consumer-bf39ed12.js
- Thread started for /></svg></div>
- Thread started for chart.png
- Thread started for \n
- Thread started for /inlineshell.png
- Thread started for https://hackatime.hackclub.com/
- Thread started for /cable
- Thread started for /track_view
- Thread started for /assets/tutorial-container/top_left-290d15da.png
- Thread started for http://www.w3.org/2000/svg
- Thread started for /bong.mp3
- Thread started for /></svg>
- Thread started for /assets/tutorial-container/top_right-1d0c39a7.png
- Thread started for http://www.w3.org/2000/svg
- Thread started for warning.svg
- Thread started for .apk
- Thread started for Feature only available for Chart.js
- Thread started for https://summer.hackclub.com/
- Thread started for check.svg
- Thread started for .avi
- Thread started for /assets/tutorial-container/bottom_left-712a3e9f.png
- Thread started for http://www.w3.org/2000/svg
- Thread started for /favicon.png
- Thread started for /assets/tutorial-container/bottom_right-bb15b082.png
- Thread started for /assets/channels/index-2280d0c5.js
- Thread started for \n
- Thread started for .bmp
- Thread started for /favicon.png
- Thread started for /assets/tutorial-container/top-22c3ee30.png
- Thread started for \n
- Thread started for .css
- Thread started for /assets/tailwind-06898ba5.css
- Thread started for \n
- Thread started for /assets/channels/shenanigans_channel-70457c9d.js
- Thread started for .csv
- Thread started for /assets/tutorial-container/bottom-d5cf5539.png
- Thread started for /assets/application-a9712d1f.css
- Thread started for \n
- Thread started for https://plausible.io/js/script.file-downloads.hash.outbound-links.tagged-events.js
- Thread started for \n
- Thread started for .doc
- Thread started for /assets/tutorial-container/left_edge-3a7942f0.png
- Thread started for /assets/pixelart-1214970a.css
- Thread started for /assets/tutorial-container/right_edge-63634309.png
- Thread started for /assets/map_sea_background-0ecf1c09.jpg
- Thread started for edge.fullstory.com/s/fs.js
- Thread started for /assets/som-88d09b5c.css
- Thread started for /assets/tutorial-container/center-fe1e4469.png
- Thread started for .docx
- Thread started for .exe
- Thread started for /assets/tooltips-73b7305c.css
- Thread started for https://summer.hackclub.com/assets/social_card-c7b18a9b.png
- Thread started for /assets/Steven-7a23c2c9.ttf
- Thread started for /assets/tutorial-a199c246.css
- Thread started for .gif
- Thread started for https://summer.hackclub.com/
- Thread started for /assets/DynaPuff-e427f9fa.ttf
- Thread started for /assets/application-899f02b7.js
- Thread started for .heic
- Thread started for /assets/turbo.min-3a2e143f.js
- Thread started for https://summer.hackclub.com/assets/social_card-c7b18a9b.png
- Thread started for .ico
- Thread started for /assets/stimulus.min-4b1e420e.js
- Thread started for /assets/Pagaki-8e4047d7.ttf
- Thread started for /assets/landing-8f102454.css
- Thread started for /assets/NationalPark-408b611c.ttf
- Thread started for .jpg
- Thread started for .js
- Thread started for /assets/stimulus-loading-1fc53fe7.js
- Thread started for /assets/parchment-5759bd97.css
- Thread started for .json
- Thread started for /assets/faq_container-fe227789.css
- Thread started for .m4a
- Thread started for /assets/chartkick-fbe22225.js
- Thread started for http://www.w3.org/2000/svg
- Thread started for .mov
- Thread started for .mp3
- Thread started for /assets/flag-orpheus-top-5ae5e11b.png
- Thread started for /assets/Chart.bundle-5b48f502.js
- Thread started for .mp4
- Thread started for /auth/slack
- Thread started for /assets/@tiptap--core-996bfb2b.js
- Thread started for http://www.w3.org/2000/svg
- Thread started for .mpg
- Thread started for /assets/@tiptap--pm--commands-462be415.js
- Thread started for /assets/@tiptap--pm--keymap-f6a71758.js
- Thread started for /assets/logo_text-6dbe179f.png
- Thread started for .ogg
- Thread started for /assets/@tiptap--pm--model-a1cf9f54.js
- Thread started for .pdf
- Thread started for /assets/email-f653c79a.svg
- Thread started for /assets/@tiptap--pm--schema-list-4bfb61de.js
- Thread started for .pkg
- Thread started for http://www.w3.org/2000/svg
- Thread started for .png
- Thread started for /%3E%3C/filter%3E%3Crect width=
- Thread started for /assets/@tiptap--pm--state-7d94bd18.js
- Thread started for https://fonts.googleapis.com/css2?family=Fredoka:wght@300;400;500;600;700&family=Pacifico&display=swap
- Thread started for /assets/@tiptap--pm--transform-8b2c7941.js
- Thread started for /assets/bg_blue-3cee994c.svg
- Thread started for .ppt
- Thread started for /assets/@tiptap--pm--view-3530ab00.js
- Thread started for http://www.w3.org/2000/svg
- Thread started for gtm.js
- Thread started for .pptx
- Thread started for http://www.w3.org/2000/svg
- Thread started for /%3E%3C/svg%3E
- Thread started for https://a.slack-edge.com/bv1-13/slack_beacon.10d18d9f8a63b0cd84b0.min.js
- Thread started for /assets/orderedmap-39aa3d1c.js
- Thread started for /%3E%3C/filter%3E%3Crect width=
- Thread started for https://docs.google.com/document/d/1xiAoYrO6wY1knzZhI1TFYVqCo6q2R7A46he0w5tan90/edit?usp=sharing
- Thread started for .rtf
- Thread started for /assets/prosemirror-commands-02791907.js
- Thread started for https://player.vimeo.com/video/1093563882?h=3f9f9c02e1&amp;muted=1&amp;badge=0&amp;loop=0&amp;autopause=0&amp;autoplay=1&amp;player_id=0&amp;app_id=58479
- Thread started for /%3E%3Cpath d=
- Thread started for http://www.w3.org/2000/svg
- Thread started for .svg
- Thread started for https://player.vimeo.com/api/player.js
- Thread started for /%3E%3C/g%3E%3C/svg%3E
- Thread started for .tar
- Thread started for /%3E%3Cpath d=
- Thread started for /assets/prosemirror-keymap-c350f1ad.js
- Thread started for /%3E%3C/svg%3E
- Thread started for /%3E%3C/svg%3E
- Thread started for /assets/container/container-tl-588612b5.svg
- Thread started for \n
- Thread started for http://www.w3.org/2000/svg
- Thread started for /assets/prosemirror-model-34f0ad73.js
- Thread started for .tif
- Thread started for \n
- Thread started for /assets/prosemirror-schema-list-86b5993c.js
- Thread started for /assets/container/container-tm-b678f005.svg
- Thread started for http://www.w3.org/2000/svg
- Thread started for .txt
- Thread started for /%3E%3C/g%3E%3C/svg%3E
- Thread started for /assets/prosemirror-state-4858f01b.js
- Thread started for /%3E%3Cpath d=
- Thread started for /assets/prosemirror-transform-56da85ee.js
- Thread started for .wav
- Thread started for /assets/container/container-tr-0a17f012.svg
- Thread started for /%3E%3Cpath d=
- Thread started for /assets/prosemirror-view-46a86943.js
- Thread started for /assets/container/container-ml-61c63452.svg
- Thread started for /%3E%3C/svg%3E
- Thread started for /assets/w3c-keyname-2e59b6bc.js
- Thread started for .wma
- Thread started for /assets/container/container-mr-bf6da02e.svg
- Thread started for /assets/@tiptap--starter-kit-e6726f68.js
- Thread started for .wmv
- Thread started for /assets/container/container-bl-379861a1.svg
- Thread started for /assets/@tiptap--extension-blockquote-00cc15d0.js
- Thread started for .xls
- Thread started for /assets/@tiptap--extension-bold-6374b698.js
- Thread started for /assets/container/container-bm-6ff3aaf2.svg
- Thread started for .xlsx
- Thread started for .xml
- Thread started for /assets/container/container-br-259cfcee.svg
- Thread started for /assets/@tiptap--extension-bullet-list-121e15bf.js
- Thread started for /assets/seas-3d32095b.png
- Thread started for \n
- Thread started for /assets/@tiptap--extension-code-3dd37ee6.js
- Thread started for /assets/@tiptap--extension-code-block-df8e0120.js
- Thread started for /assets/@tiptap--extension-document-d328217d.js
- Thread started for http://www.w3.org/2000/svg
- Thread started for \n
- Thread started for /assets/@tiptap--extension-dropcursor-08be7d47.js
- Thread started for text/vnd.turbo-stream.html
- Thread started for https://hc-cdn.hel1.your-objectstorage.com/s/v3/15d28328688dd94c763ef33a86d769120789f7db_ys2h7s.webp
- Thread started for /assets/@tiptap--extension-gapcursor-32cefb87.js
- Thread started for /cable
- Thread started for /shell.png
- Thread started for /assets/@tiptap--extension-hard-break-e5796ef7.js
- Thread started for /shell.png
- Thread started for /assets/@tiptap--extension-heading-70488e0b.js
- Thread started for /arc_arrow_top_bottom.png
- Thread started for /arc_arrow_top_bottom.png
- Thread started for /assets/@tiptap--extension-history-ed433844.js
- Thread started for /arc_arrow_left_right.png
- Thread started for /assets/@tiptap--extension-horizontal-rule-4813b258.js
- Thread started for /arc_arrow_left_right.png
- Thread started for /assets/@tiptap--extension-italic-91187594.js
- Thread started for /assets/container/container-tl-588612b5.svg
- Thread started for /assets/@tiptap--extension-list-item-62142a6b.js
- Thread started for /assets/@tiptap--extension-ordered-list-3798ec48.js
- Thread started for /assets/container/container-tm-b678f005.svg
- Thread started for /assets/@tiptap--extension-paragraph-91319359.js
- Thread started for /assets/container/container-tr-0a17f012.svg
- Thread started for /assets/@tiptap--extension-strike-12730cb5.js
- Thread started for /assets/container/container-ml-61c63452.svg
- Thread started for /assets/@tiptap--extension-text-613ff1ed.js
- Thread started for /rails/active_storage/blobs/redirect/eyJfcmFpbHMiOnsiZGF0YSI6MzcsInB1ciI6ImJsb2JfaWQifX0=--c43efaa20563fa2f6e9e2b15bca2fdbc4197b7df/pile_of_stickers.png
- Thread started for /assets/@tiptap--pm--dropcursor-dc29de98.js
- Thread started for /assets/@tiptap--pm--gapcursor-0b821986.js
- Thread started for /rails/active_storage/blobs/redirect/eyJfcmFpbHMiOnsiZGF0YSI6ODQwLCJwdXIiOiJibG9iX2lkIn19--bd312986c11cc5f624b518ac02e0c3b77a16665b/2025_06_17_0i4_Kleki(1).png
- Thread started for /assets/@tiptap--pm--history-fd5ebefa.js
- Thread started for /rails/active_storage/blobs/redirect/eyJfcmFpbHMiOnsiZGF0YSI6MjkxOTcsInB1ciI6ImJsb2JfaWQifX0=--959fe973f4c2445cc3ccc6230302eb2a81d7fdba/capsule_616x353.jpg
- Thread started for /assets/prosemirror-dropcursor-a51838c8.js
- Thread started for /assets/prosemirror-gapcursor-30be2fc9.js
- Thread started for /rails/active_storage/blobs/redirect/eyJfcmFpbHMiOnsiZGF0YSI6Mjg4OTcsInB1ciI6ImJsb2JfaWQifX0=--48e63889af24786e2c02b654419d8d73fd53c35a/2025_07_22_0ow_Kleki.png
- Thread started for /assets/prosemirror-history-1d4268d0.js
- Thread started for /assets/rope-sequence-cd183477.js
- Thread started for /rails/active_storage/blobs/redirect/eyJfcmFpbHMiOnsiZGF0YSI6Mjg5NjksInB1ciI6ImJsb2JfaWQifX0=--984cc0d962ee5554dfb6a79bc97125ffcea65eab/2025_07_22_0s1_Kleki(2).png
- Thread started for /assets/@tiptap--extension-typography-df49c94d.js
- Thread started for /assets/actioncable.esm-e0ec9819.js
- Thread started for /rails/active_storage/blobs/redirect/eyJfcmFpbHMiOnsiZGF0YSI6MTMwMSwicHVyIjoiYmxvYl9pZCJ9fQ==--1a97fe9d21262424129d5fbe90b3128468c08857/2025_06_17_10l_Kleki-removebg-preview(1).png
- Thread started for /assets/howler-31f74f33.js
- Thread started for /rails/active_storage/blobs/redirect/eyJfcmFpbHMiOnsiZGF0YSI6MTE1LCJwdXIiOiJibG9iX2lkIn19--ab5680327129b358019505dc14c09ed6e18db000/2025_06_15_0z5_Kleki(1).png
- Thread started for /assets/alpinejs-8c7f698e.js
- Thread started for /rails/active_storage/blobs/redirect/eyJfcmFpbHMiOnsiZGF0YSI6MjUyLCJwdXIiOiJibG9iX2lkIn19--9ee004694756d78b18a782aa73c3bb6f4febfbac/2025_06_16_0qu_Kleki(1).png
- Thread started for /assets/controllers/application-3affb389.js
- Thread started for /rails/active_storage/blobs/redirect/eyJfcmFpbHMiOnsiZGF0YSI6MTA0LCJwdXIiOiJibG9iX2lkIn19--0a9efe4591d011f60b83ba0dd6bd0750fc835e48/ch341.png
- Thread started for /assets/controllers/attachment_controller-1194a021.js
- Thread started for /assets/controllers/card_controller-ff612200.js
- Thread started for /rails/active_storage/blobs/redirect/eyJfcmFpbHMiOnsiZGF0YSI6MjkxMzIsInB1ciI6ImJsb2JfaWQifX0=--0b14198cd866fbac2d12d816ed2cae5b4fccf99b/2025_07_22_0xq_Kleki(1).png
- Thread started for /assets/controllers/carousel_controller-cb8901e4.js
- Thread started for /rails/active_storage/blobs/redirect/eyJfcmFpbHMiOnsiZGF0YSI6MTI5OSwicHVyIjoiYmxvYl9pZCJ9fQ==--e08ec93b92124562093666af9747e2d27233b5e2/image-removebg-preview(9)(1).png
- Thread started for /rails/active_storage/blobs/redirect/eyJfcmFpbHMiOnsiZGF0YSI6MTI4MSwicHVyIjoiYmxvYl9pZCJ9fQ==--583d93d2c0f697c624006114c457a0173e3d9493/2025_06_17_0zp_Kleki(1).png
- Thread started for /assets/controllers/category_selector_controller-44f11330.js
- Thread started for /rails/active_storage/blobs/redirect/eyJfcmFpbHMiOnsiZGF0YSI6MTI1OCwicHVyIjoiYmxvYl9pZCJ9fQ==--7c2b27879fd208a3e6b1d1b9d6cbf2cce80cee26/2025_06_17_0za_Kleki(1).png
- Thread started for /assets/controllers/comment_modal_controller-3d23a8eb.js
- Thread started for /assets/controllers/delete_confirmation_controller-78656a3f.js
- Thread started for /rails/active_storage/blobs/redirect/eyJfcmFpbHMiOnsiZGF0YSI6MTI1LCJwdXIiOiJibG9iX2lkIn19--0ecbd280a1a5a76c26191f6ac107d2e551c399cb/2025_06_15_0z9_Kleki(1).png
- Thread started for /rails/active_storage/blobs/redirect/eyJfcmFpbHMiOnsiZGF0YSI6ODQsInB1ciI6ImJsb2JfaWQifX0=--19d35b0a75a43da8864c4439318efa7b896bb3bf/2025_06_15_0sk_Kleki.png
- Thread started for /assets/controllers/devlog_card_controller-dfc3b2d8.js
- Thread started for /rails/active_storage/blobs/redirect/eyJfcmFpbHMiOnsiZGF0YSI6MjQ5LCJwdXIiOiJibG9iX2lkIn19--cde005abbc6c04f722e523aa4445ab1afb408aeb/image-removebg-preview(1).png
- Thread started for /assets/controllers/dropdown_controller-4f9f7f6d.js
- Thread started for /rails/active_storage/blobs/redirect/eyJfcmFpbHMiOnsiZGF0YSI6MTI2MSwicHVyIjoiYmxvYl9pZCJ9fQ==--b61d0b314a368d765ca8f83f9cc6c7d5c10e17dc/2025_06_17_0zd_Kleki(1).png
- Thread started for /assets/controllers/edit_modal_controller-be3308d1.js
- Thread started for /rails/active_storage/blobs/redirect/eyJfcmFpbHMiOnsiZGF0YSI6Mjg2NzYsInB1ciI6ImJsb2JfaWQifX0=--0678dbde85b28e7da9f903f617c5618ad54cb207/2025_07_22_0hy_Kleki(1).png
- Thread started for /assets/controllers/flash_controller-f4a174a2.js
- Thread started for /assets/controllers/follower_modal_controller-c3f5a34b.js
- Thread started for /rails/active_storage/blobs/redirect/eyJfcmFpbHMiOnsiZGF0YSI6MjkxNzQsInB1ciI6ImJsb2JfaWQifX0=--af96004adc50a6fd15a11bac0bfa2da4afa33ab0/2025_07_22_0zz_Kleki(1).png
- Thread started for /assets/controllers/form_controller-53d7dbb5.js
- Thread started for /rails/active_storage/blobs/redirect/eyJfcmFpbHMiOnsiZGF0YSI6MjkxNjUsInB1ciI6ImJsb2JfaWQifX0=--6b45ca8cd092a66ebaafc11271e513e79b78332e/hero_capsule(1).jpg
- Thread started for /assets/controllers/hackatime_dashboard_controller-ff6f3c05.js
- Thread started for /rails/active_storage/blobs/redirect/eyJfcmFpbHMiOnsiZGF0YSI6Mjg4OTMsInB1ciI6ImJsb2JfaWQifX0=--73bd488e671fd26ebcd65dc014e7f78229e7e108/2025_07_22_0ou_Kleki(1).png
- Thread started for /assets/controllers/hackatime_modal_controller-8b61fd6c.js
- Thread started for /rails/active_storage/blobs/redirect/eyJfcmFpbHMiOnsiZGF0YSI6MTI1NSwicHVyIjoiYmxvYl9pZCJ9fQ==--3a24804392b79bb38b456e3af78e8e769b0768a7/2025_06_17_0z6_Kleki(1).png
- Thread started for /assets/controllers/hackatime_status_controller-9206a4b9.js
- Thread started for /rails/active_storage/blobs/redirect/eyJfcmFpbHMiOnsiZGF0YSI6MTI5NywicHVyIjoiYmxvYl9pZCJ9fQ==--59ffc4ea8faf06c10773318062acd389cc4350d8/image-removebg-preview(8)(1).png
- Thread started for /assets/controllers/image_viewer_controller-af6581b1.js