
Webpage Created | ParseResult(scheme='https', netloc='summer.hackclub.com', path='/assets/tutorial-a199c246.css', params='', query='', fragment='') |
RECEIVED CONTENTS SUCCESSFULLY | https://summer.hackclub.com/assets/tutorial-a199c246.css |


=========================
FINDING INTERNAL URLS.....
=========================
=====================
URL FIND COMPLETE !!!!
=====================

RECEIVED CONTENTS SUCCESSFULLY | https://summer.hackclub.com/assets/tutorial-container/top_left-290d15da.png |


FILE SAVED SUCCESSFULLY | ./summer.hackclub.com/assets/tutorial-container\top_left-290d15da.png |


RECEIVED CONTENTS SUCCESSFULLY | https://summer.hackclub.com/assets/tutorial-container/top_right-1d0c39a7.png |


FILE SAVED SUCCESSFULLY | ./summer.hackclub.com/assets/tutorial-container\top_right-1d0c39a7.png |


RECEIVED CONTENTS SUCCESSFULLY | https://summer.hackclub.com/assets/tutorial-container/bottom_left-712a3e9f.png |


FILE SAVED SUCCESSFULLY | ./summer.hackclub.com/assets/tutorial-container\bottom_left-712a3e9f.png |


RECEIVED CONTENTS SUCCESSFULLY | https://summer.hackclub.com/assets/tutorial-container/bottom_right-bb15b082.png |


RECEIVED CONTENTS SUCCESSFULLY | https://summer.hackclub.com/assets/tutorial-container/top-22c3ee30.png |


RECEIVED CONTENTS SUCCESSFULLY | https://summer.hackclub.com/assets/tutorial-container/bottom-d5cf5539.png |


RECEIVED CONTENTS SUCCESSFULLY | https://summer.hackclub.com/assets/tutorial-container/right_edge-63634309.png |


FILE SAVED SUCCESSFULLY | ./summer.hackclub.com/assets/tutorial-container\bottom_right-bb15b082.png |


FILE SAVED SUCCESSFULLY | ./summer.hackclub.com/assets/tutorial-container\bottom-d5cf5539.png |


RECEIVED CONTENTS SUCCESSFULLY | https://summer.hackclub.com/assets/tutorial-container/left_edge-3a7942f0.png |


FILE SAVED SUCCESSFULLY | ./summer.hackclub.com/assets/tutorial-container\right_edge-63634309.png |


FILE SAVED SUCCESSFULLY | ./summer.hackclub.com/assets/tutorial-container\top-22c3ee30.png |


RECEIVED CONTENTS SUCCESSFULLY | https://summer.hackclub.com/assets/tutorial-container/center-fe1e4469.png |


FILE SAVED SUCCESSFULLY | ./summer.hackclub.com/assets/tutorial-container\center-fe1e4469.png |


FILE SAVED SUCCESSFULLY | ./summer.hackclub.com/assets/tutorial-container\left_edge-3a7942f0.png |


FILE SAVED SUCCESSFULLY | ./summer.hackclub.com/assets\tutorial-a199c246.css |

